<?xml version="1.0" encoding="UTF-8"?>
<!-- Generated by org.testng.reporters.JUnitReportReporter -->
<testsuite ignored="0" hostname="DESKTOP-1E2VFSG" failures="0" tests="1" name="com.Practice_TestNG.NewTest" time="0.016" errors="0" timestamp="04 Feb 2023 12:34:58 GMT" skipped="0">
  <testcase classname="com.Practice_TestNG.NewTest" name="f" time="0.016"/>
</testsuite> <!-- com.Practice_TestNG.NewTest -->
